running egg_info
creating ../../build/hello-ros/hello_ros.egg-info
writing ../../build/hello-ros/hello_ros.egg-info/PKG-INFO
writing dependency_links to ../../build/hello-ros/hello_ros.egg-info/dependency_links.txt
writing entry points to ../../build/hello-ros/hello_ros.egg-info/entry_points.txt
writing requirements to ../../build/hello-ros/hello_ros.egg-info/requires.txt
writing top-level names to ../../build/hello-ros/hello_ros.egg-info/top_level.txt
writing manifest file '../../build/hello-ros/hello_ros.egg-info/SOURCES.txt'
reading manifest file '../../build/hello-ros/hello_ros.egg-info/SOURCES.txt'
writing manifest file '../../build/hello-ros/hello_ros.egg-info/SOURCES.txt'
running build
running build_py
creating /home/bryan/ros2_workspace/build/hello-ros/build
creating /home/bryan/ros2_workspace/build/hello-ros/build/lib
copying publisher.py -> /home/bryan/ros2_workspace/build/hello-ros/build/lib
copying subscriber.py -> /home/bryan/ros2_workspace/build/hello-ros/build/lib
running install
running install_lib
copying /home/bryan/ros2_workspace/build/hello-ros/build/lib/subscriber.py -> /home/bryan/ros2_workspace/install/hello-ros/lib/python3.8/site-packages
copying /home/bryan/ros2_workspace/build/hello-ros/build/lib/publisher.py -> /home/bryan/ros2_workspace/install/hello-ros/lib/python3.8/site-packages
byte-compiling /home/bryan/ros2_workspace/install/hello-ros/lib/python3.8/site-packages/subscriber.py to subscriber.cpython-38.pyc
byte-compiling /home/bryan/ros2_workspace/install/hello-ros/lib/python3.8/site-packages/publisher.py to publisher.cpython-38.pyc
running install_egg_info
Copying ../../build/hello-ros/hello_ros.egg-info to /home/bryan/ros2_workspace/install/hello-ros/lib/python3.8/site-packages/hello_ros-0.0.0-py3.8.egg-info
running install_scripts
Installing publisher script to /home/bryan/ros2_workspace/install/hello-ros/lib/hello-ros
Installing subscriber script to /home/bryan/ros2_workspace/install/hello-ros/lib/hello-ros
writing list of installed files to '/home/bryan/ros2_workspace/build/hello-ros/install.log'
